<?xml version="1.0" encoding="UTF-8"?>
<!-- Generated by org.testng.reporters.JUnitReportReporter -->
<testsuite hostname="SYAA-DT-060" failures="0" tests="1" name="com.ome.testcases.AddNewDeviceTest" time="8.173" errors="0" timestamp="2025-07-11T17:18:44 IST" skipped="0">
  <testcase classname="com.ome.testcases.AddNewDeviceTest" name="addingsigledata" time="8.173"/>
</testsuite> <!-- com.ome.testcases.AddNewDeviceTest -->
