<?xml version="1.0" encoding="UTF-8"?>
<!-- Generated by org.testng.reporters.JUnitReportReporter -->
<testsuite hostname="SYAA-DT-060" failures="0" tests="1" name="com.ome.testcases.DwonloadDatatext" time="19.297" errors="0" timestamp="2025-07-24T18:15:50 IST" skipped="0">
  <testcase classname="com.ome.testcases.DwonloadDatatext" name="datadwonloadbtn" time="19.297"/>
</testsuite> <!-- com.ome.testcases.DwonloadDatatext -->
