<?xml version="1.0" encoding="UTF-8"?>
<!-- Generated by org.testng.reporters.JUnitReportReporter -->
<testsuite hostname="SYAA-DT-060" failures="0" tests="1" name="com.ome.testcases.DwonloadDatatext" time="18.351" errors="0" timestamp="2025-07-24T17:12:54 IST" skipped="0">
  <testcase classname="com.ome.testcases.DwonloadDatatext" name="datadwonloadbtn" time="18.351"/>
</testsuite> <!-- com.ome.testcases.DwonloadDatatext -->
