<?xml version="1.0" encoding="UTF-8"?>
<!-- Generated by org.testng.reporters.JUnitReportReporter -->
<testsuite hostname="SYAA-DT-060" failures="0" tests="1" name="com.ome.testcases.DwonlSimpleFileTest" time="8.331" errors="0" timestamp="2025-07-14T17:48:46 IST" skipped="0">
  <testcase classname="com.ome.testcases.DwonlSimpleFileTest" name="simpleFiledwonlod" time="8.331"/>
</testsuite> <!-- com.ome.testcases.DwonlSimpleFileTest -->
