<?xml version="1.0" encoding="UTF-8"?>
<!-- Generated by org.testng.reporters.JUnitReportReporter -->
<testsuite hostname="SYAA-DT-060" failures="0" tests="1" name="com.ome.testcases.Bulk_Uploadtest" time="14.106" errors="0" timestamp="2025-07-14T11:55:14 IST" skipped="0">
  <testcase classname="com.ome.testcases.Bulk_Uploadtest" name="bulkupload" time="14.106"/>
</testsuite> <!-- com.ome.testcases.Bulk_Uploadtest -->
