<?xml version="1.0" encoding="UTF-8"?>
<!-- Generated by org.testng.reporters.JUnitReportReporter -->
<testsuite hostname="SYAA-DT-060" failures="0" tests="1" name="com.ome.testcases.SadebarbtnTest" time="13.683" errors="0" timestamp="2025-07-14T14:31:28 IST" skipped="0">
  <testcase classname="com.ome.testcases.SadebarbtnTest" name="sidebarmoudle" time="13.683"/>
</testsuite> <!-- com.ome.testcases.SadebarbtnTest -->
