<?xml version="1.0" encoding="UTF-8"?>
<!-- Generated by org.testng.reporters.JUnitReportReporter -->
<testsuite hostname="SYAA-DT-060" failures="0" tests="1" name="com.ome.testcases.LoginTest" time="6.042" errors="0" timestamp="2025-07-08T12:04:01 IST" skipped="0">
  <testcase classname="com.ome.testcases.LoginTest" name="loginTest" time="6.042"/>
</testsuite> <!-- com.ome.testcases.LoginTest -->
