<?xml version="1.0" encoding="UTF-8"?>
<!-- Generated by org.testng.reporters.JUnitReportReporter -->
<testsuite hostname="SYAA-DT-060" failures="0" tests="1" name="com.SIMManagement.test.SIMManagementsidebar" time="7.748" errors="0" timestamp="2025-07-28T16:44:27 IST" skipped="0">
  <testcase classname="com.SIMManagement.test.SIMManagementsidebar" name="sadebarclick" time="7.748"/>
</testsuite> <!-- com.SIMManagement.test.SIMManagementsidebar -->
