<?xml version="1.0" encoding="UTF-8"?>
<!-- Generated by org.testng.reporters.JUnitReportReporter -->
<testsuite hostname="SYAA-DT-060" failures="0" tests="1" name="com.ome.testcases.LoginTest" time="2.860" errors="0" timestamp="2025-07-24T13:03:38 IST" skipped="0">
  <testcase classname="com.ome.testcases.LoginTest" name="loginTest" time="2.860"/>
</testsuite> <!-- com.ome.testcases.LoginTest -->
