<?xml version="1.0" encoding="UTF-8"?>
<!-- Generated by org.testng.reporters.JUnitReportReporter -->
<testsuite hostname="SYAA-DT-060" failures="0" tests="1" name="com.ome.testcases.DwonlSimpleFileTest" time="9.825" errors="0" timestamp="2025-07-24T17:16:41 IST" skipped="0">
  <testcase classname="com.ome.testcases.DwonlSimpleFileTest" name="simpleFiledwonlod" time="9.825"/>
</testsuite> <!-- com.ome.testcases.DwonlSimpleFileTest -->
