<?xml version="1.0" encoding="UTF-8"?>
<!-- Generated by org.testng.reporters.JUnitReportReporter -->
<testsuite hostname="SYAA-DT-060" failures="0" tests="1" name="com.ome.testcases.DwonlSimpleFileTest" time="7.563" errors="0" timestamp="2025-07-28T12:50:43 IST" skipped="0">
  <testcase classname="com.ome.testcases.DwonlSimpleFileTest" name="simpleFiledwonlod" time="7.563"/>
</testsuite> <!-- com.ome.testcases.DwonlSimpleFileTest -->
