<?xml version="1.0" encoding="UTF-8"?>
<!-- Generated by org.testng.reporters.JUnitReportReporter -->
<testsuite hostname="SYAA-DT-060" failures="0" tests="1" name="com.ome.testcases.DwonlSimpleFileTest" time="3.391" errors="0" timestamp="2025-07-25T10:27:20 IST" skipped="0">
  <testcase classname="com.ome.testcases.DwonlSimpleFileTest" name="simpleFiledwonlod" time="3.391"/>
</testsuite> <!-- com.ome.testcases.DwonlSimpleFileTest -->
